0.17662000000010625 0.1034750000000331 0.024365000000002125 0.005449999999999862 0.019100000000000512 0.018625000000000367 0.01795000000000016 0.017830000000000124 0.017580000000000047 0.006904999999999803 0.058814999999993546 0.045714999999998625 0.07005499999999967 0.06200999999999231 0.06890499999999852 0.05368999999999553 0.06780999999999743 0.06883499999999845 0.047264999999998024 0.04899999999999735 
2022_0223_18:43:16 1 72.35 95.1
2022_0223_18:43:16 6 92.65 26.1
2022_0223_18:43:17 1 51.2 95.25
2022_0223_18:43:17 8 67.95 59.35
2022_0223_18:43:17 7 43.45 64.35
2022_0223_18:43:17 3 66.7 69.25
2022_0223_18:43:17 2 85.75 74.8
2022_0223_18:43:17 3 78.2 81.55
2022_0223_18:43:17 4 55.9 54.3
2022_0223_18:43:17 9 96.9 95.45
2022_0223_18:43:17 5 83.45 94.05
2022_0223_18:43:17 9 93.75 92.95
2022_0223_18:43:17 11 84.15 79.2
2022_0223_18:43:17 2 77.05 72.3
2022_0223_18:43:17 12 0.05 -0.45
2022_0223_18:43:17 12 67.7 74.55
2022_0223_18:43:17 10 59.2 65.05
2022_0223_18:43:17 13 -3.3 -1.9
2022_0223_18:43:17 14 1.5 0.05
2022_0223_18:43:17 14 1.0 0.85
2022_0223_18:43:17 15 46.95 36.75
2022_0223_18:43:17 16 55.85 34.45
2022_0223_18:43:17 15 5.4 6.85
2022_0223_18:43:17 18 -1.5 -1.15
2022_0223_18:43:17 17 1.55 -5.15
2022_0223_18:43:17 18 9.35 -11.4
2022_0223_18:43:17 17 0.95 2.65
2022_0223_18:43:17 20 99.9 -99.9
2022_0223_18:43:17 19 84.7 95.3
2022_0223_18:43:17 20 17.85 9.65
2022_0223_18:43:17 1 78.7 68.65
2022_0223_18:43:17 7 67.55 69.5
2022_0223_18:43:17 2 93.5 91.1
2022_0223_18:43:17 5 95.75 87.05
2022_0223_18:43:17 6 77.9 94.4
2022_0223_18:43:17 4 71.15 55.8
2022_0223_18:43:17 1 96.25 68.2
2022_0223_18:43:17 2 89.95 88.75
2022_0223_18:43:17 9 41.15 81.85
2022_0223_18:43:17 10 79.75 82.35
2022_0223_18:43:17 8 92.0 72.15
2022_0223_18:43:17 3 73.25 78.05
2022_0223_18:43:17 11 -2.85 -0.55
2022_0223_18:43:17 11 0.65 1.8
2022_0223_18:43:17 12 0.95 2.85
2022_0223_18:43:17 12 1.75 -0.8
2022_0223_18:43:17 12 -1.4 -3.35
2022_0223_18:43:17 12 -2.4 -3.85
2022_0223_18:43:17 14 1.4 -0.6
2022_0223_18:43:17 13 41.6 88.1
2022_0223_18:43:17 15 83.3 53.35
2022_0223_18:43:17 15 -0.45 3.3
2022_0223_18:43:17 15 10.45 0.2
2022_0223_18:43:17 20 0.75 0.55
2022_0223_18:43:17 17 1.8 4.5
2022_0223_18:43:17 19 -1.05 0.3
2022_0223_18:43:17 18 21.8 -21.95
2022_0223_18:43:17 20 1.5 0.4
2022_0223_18:43:17 16 35.35 18.6
2022_0223_18:43:17 17 4.3 5.85
2022_0223_18:43:17 7 76.6 40.35
2022_0223_18:43:17 2 89.55 92.85
2022_0223_18:43:17 3 74.05 72.65
2022_0223_18:43:17 2 83.75 73.45
2022_0223_18:43:17 7 68.55 92.4
2022_0223_18:43:17 1 78.75 95.15
2022_0223_18:43:17 8 93.95 73.6
2022_0223_18:43:17 1 79.35 50.25
2022_0223_18:43:17 9 96.7 65.25
2022_0223_18:43:17 6 81.2 64.25
2022_0223_18:43:17 4 59.95 69.05
2022_0223_18:43:17 5 95.95 95.15
2022_0223_18:43:18 11 0.2 -0.7
2022_0223_18:43:18 11 1.35 0.25
2022_0223_18:43:18 10 86.1 79.3
2022_0223_18:43:18 11 -2.55 3.55
2022_0223_18:43:18 11 0.1 2.25
2022_0223_18:43:18 11 -2.75 -1.65
2022_0223_18:43:18 12 89.0 92.8
2022_0223_18:43:18 12 61.05 54.0
2022_0223_18:43:18 13 -2.05 -1.6
2022_0223_18:43:18 13 81.75 57.15
2022_0223_18:43:18 13 2.85 -0.5
2022_0223_18:43:18 13 0.6 1.1
2022_0223_18:43:18 16 -49.95 -99.9
2022_0223_18:43:18 14 69.95 94.2
2022_0223_18:43:18 13 0.15 -2.35
2022_0223_18:43:18 15 3.25 -2.4
2022_0223_18:43:18 15 90.0 94.75
2022_0223_18:43:18 17 68.1 80.65
2022_0223_18:43:18 16 73.75 74.25
2022_0223_18:43:18 19 18.6 -16.95
2022_0223_18:43:18 15 1.05 0.15
2022_0223_18:43:18 18 2.6 -0.85
2022_0223_18:43:18 19 40.05 -40.7
2022_0223_18:43:18 17 -3.15 -4.6
2022_0223_18:43:18 20 10.4 -5.6
2022_0223_18:43:18 20 15.5 12.2
2022_0223_18:43:18 19 58.75 9.4
2022_0223_18:43:18 19 -43.2 42.9
2022_0223_18:43:18 1 74.1 96.4
2022_0223_18:43:18 2 87.0 75.8
2022_0223_18:43:18 4 57.45 55.9
2022_0223_18:43:18 1 95.65 76.35
2022_0223_18:43:18 1 58.0 70.25
2022_0223_18:43:18 2 91.6 83.9
2022_0223_18:43:18 1 63.35 95.35
2022_0223_18:43:18 2 64.75 46.0
2022_0223_18:43:18 2 92.35 88.7
2022_0223_18:43:18 3 81.75 82.75
2022_0223_18:43:18 1 54.1 93.65
2022_0223_18:43:18 1 94.55 95.25
2022_0223_18:43:18 6 75.4 94.4
2022_0223_18:43:18 6 94.15 60.55
2022_0223_18:43:18 8 52.55 64.6
2022_0223_18:43:18 7 73.35 77.0
2022_0223_18:43:18 7 84.3 74.45
2022_0223_18:43:18 5 94.95 94.05
2022_0223_18:43:18 10 63.45 79.3
2022_0223_18:43:18 9 95.5 94.5
2022_0223_18:43:18 9 93.5 95.0
2022_0223_18:43:18 11 -0.45 1.25
2022_0223_18:43:18 11 -0.25 2.5
2022_0223_18:43:18 8 55.85 81.45
2022_0223_18:43:18 11 -0.2 -1.15
2022_0223_18:43:18 11 79.1 66.85
2022_0223_18:43:18 11 -0.55 1.3
2022_0223_18:43:18 12 2.85 -0.3
2022_0223_18:43:18 12 100.0 -50.0
2022_0223_18:43:18 11 -1.85 -3.1
2022_0223_18:43:18 11 -2.25 2.0
2022_0223_18:43:18 12 -1.55 0.05
2022_0223_18:43:18 12 0.7 1.25
2022_0223_18:43:18 12 0.45 -1.15
2022_0223_18:43:18 12 38.8 56.75
2022_0223_18:43:18 12 -5.4 43.55
2022_0223_18:43:18 12 2.7 -4.35
2022_0223_18:43:18 13 78.8 90.8
2022_0223_18:43:18 13 -0.1 -0.75
2022_0223_18:43:18 13 2.9 -1.7
2022_0223_18:43:18 13 -1.95 -0.25
2022_0223_18:43:18 13 12.75 -17.7
2022_0223_18:43:18 13 13.4 15.0
2022_0223_18:43:18 13 1.5 2.65
2022_0223_18:43:18 13 51.6 79.85
2022_0223_18:43:18 13 89.4 37.65
2022_0223_18:43:18 14 -0.8 -1.8
2022_0223_18:43:19 14 93.35 88.15
2022_0223_18:43:19 14 40.75 74.95
2022_0223_18:43:19 14 -2.85 2.35
2022_0223_18:43:19 14 72.5 71.4
2022_0223_18:43:19 14 -16.15 16.75
2022_0223_18:43:19 14 49.0 92.95
2022_0223_18:43:19 14 1.85 1.3
2022_0223_18:43:19 14 -1.05 1.4
2022_0223_18:43:19 14 63.1 78.05
2022_0223_18:43:19 14 30.95 63.5
2022_0223_18:43:19 15 0.25 1.15
2022_0223_18:43:19 15 -2.1 2.2
2022_0223_18:43:19 15 -51.45 80.1
2022_0223_18:43:19 15 70.15 74.85
2022_0223_18:43:19 15 54.8 43.55
2022_0223_18:43:19 15 2.35 -2.0
2022_0223_18:43:19 15 73.75 88.4
2022_0223_18:43:19 15 21.95 -0.4
2022_0223_18:43:19 16 2.6 0.05
2022_0223_18:43:19 15 -1.35 -0.85
2022_0223_18:43:19 15 -0.15 1.0
2022_0223_18:43:19 16 -6.15 11.8
2022_0223_18:43:19 16 -1.15 17.9
2022_0223_18:43:19 16 1.4 1.55
2022_0223_18:43:19 16 88.45 92.2
2022_0223_18:43:19 16 2.15 0.9
2022_0223_18:43:19 16 55.55 55.4
2022_0223_18:43:19 16 44.75 69.6
2022_0223_18:43:19 16 -0.25 -0.6
2022_0223_18:43:19 16 -9.4 5.95
2022_0223_18:43:19 16 59.05 74.35
2022_0223_18:43:19 16 72.8 80.9
2022_0223_18:43:19 16 3.0 3.7
2022_0223_18:43:19 17 8.8 -9.7
2022_0223_18:43:19 17 2.8 5.1
2022_0223_18:43:19 17 1.7 -1.85
2022_0223_18:43:19 17 59.9 63.25
2022_0223_18:43:19 17 27.8 15.6
2022_0223_18:43:19 17 -1.55 -2.45
2022_0223_18:43:19 17 -1.2 3.5
2022_0223_18:43:19 17 35.4 9.9
2022_0223_18:43:19 17 56.8 47.0
2022_0223_18:43:19 19 -2.55 1.0
2022_0223_18:43:19 19 -15.4 13.55
2022_0223_18:43:19 19 2.65 -3.4
2022_0223_18:43:19 19 68.65 66.85
2022_0223_18:43:19 20 0.05 2.1
2022_0223_18:43:19 18 70.0 77.65
2022_0223_18:43:19 20 -11.2 13.15
2022_0223_18:43:19 19 -8.45 16.6
2022_0223_18:43:19 19 0.0 1.65
2022_0223_18:43:19 20 -49.95 49.85
2022_0223_18:43:19 19 -1.25 1.05
2022_0223_18:43:19 2 73.6 81.2
2022_0223_18:43:19 1 95.35 93.65
2022_0223_18:43:19 1 76.0 88.8
2022_0223_18:43:19 1 94.05 67.1
2022_0223_18:43:19 1 96.25 95.0
2022_0223_18:43:19 2 25.2 35.25
2022_0223_18:43:19 2 89.5 87.35
2022_0223_18:43:19 2 65.8 36.05
2022_0223_18:43:19 1 45.9 95.5
2022_0223_18:43:19 2 69.7 69.35
2022_0223_18:43:19 1 51.3 74.8
2022_0223_18:43:19 1 60.4 65.75
2022_0223_18:43:19 3 71.4 67.8
2022_0223_18:43:19 4 68.35 73.6
2022_0223_18:43:19 5 93.65 96.6
2022_0223_18:43:19 8 93.45 70.8
2022_0223_18:43:19 6 49.7 76.85
2022_0223_18:43:19 7 78.9 89.5
2022_0223_18:43:19 8 88.4 89.9
2022_0223_18:43:20 5 78.95 68.85
2022_0223_18:43:20 7 71.75 71.8
2022_0223_18:43:20 10 62.8 80.25
2022_0223_18:43:20 9 85.45 70.0
2022_0223_18:43:20 9 62.9 82.7
2022_0223_18:43:20 11 -0.15 1.5
2022_0223_18:43:20 11 -0.25 1.55
2022_0223_18:43:20 11 80.7 77.0
2022_0223_18:43:20 11 81.3 69.8
2022_0223_18:43:20 11 86.45 84.3
2022_0223_18:43:20 11 -2.45 -0.6
2022_0223_18:43:20 11 -3.5 1.95
2022_0223_18:43:20 12 62.5 28.3
2022_0223_18:43:20 12 -1.15 5.45
2022_0223_18:43:20 12 -0.95 1.95
2022_0223_18:43:20 12 -1.3 -2.8
2022_0223_18:43:20 12 2.85 1.95
2022_0223_18:43:20 13 -0.95 3.8
2022_0223_18:43:20 12 0.75 -3.7
2022_0223_18:43:20 13 -0.2 -5.1
2022_0223_18:43:20 13 1.25 -2.95
2022_0223_18:43:20 13 -1.1 -2.3
2022_0223_18:43:20 13 7.85 5.95
2022_0223_18:43:20 13 0.7 0.35
2022_0223_18:43:20 13 45.05 54.2
2022_0223_18:43:20 13 66.75 82.95
2022_0223_18:43:20 14 2.4 6.75
2022_0223_18:43:20 14 0.95 4.65
2022_0223_18:43:20 13 -0.65 1.5
2022_0223_18:43:20 14 -0.3 1.1
2022_0223_18:43:20 14 86.5 79.3
2022_0223_18:43:20 14 71.05 66.3
2022_0223_18:43:20 14 0.7 1.35
2022_0223_18:43:20 14 43.45 37.35
2022_0223_18:43:20 14 38.2 -2.8
2022_0223_18:43:20 14 92.3 66.9
2022_0223_18:43:20 15 12.0 14.0
2022_0223_18:43:20 14 18.45 5.0
2022_0223_18:43:20 15 64.9 77.75
2022_0223_18:43:20 15 3.15 0.0
2022_0223_18:43:20 15 37.3 22.0
2022_0223_18:43:20 15 3.25 2.9
2022_0223_18:43:20 15 -10.15 9.7
2022_0223_18:43:20 15 -0.35 6.75
2022_0223_18:43:20 15 2.4 -1.45
2022_0223_18:43:20 15 -1.9 1.3
2022_0223_18:43:20 16 45.85 41.1
2022_0223_18:43:20 16 -0.95 1.05
2022_0223_18:43:20 16 66.4 7.6
2022_0223_18:43:20 16 94.8 68.25
2022_0223_18:43:20 16 28.1 24.95
2022_0223_18:43:20 16 1.45 -0.05
2022_0223_18:43:20 16 71.75 75.65
2022_0223_18:43:20 16 3.05 0.2
2022_0223_18:43:20 17 -0.9 0.5
2022_0223_18:43:20 16 3.15 0.3
2022_0223_18:43:20 17 60.8 36.85
2022_0223_18:43:20 17 78.25 95.75
2022_0223_18:43:20 17 58.65 76.0
2022_0223_18:43:20 17 -0.6 3.65
2022_0223_18:43:20 17 3.15 5.15
2022_0223_18:43:20 17 0.05 -1.1
2022_0223_18:43:20 17 13.35 63.6
2022_0223_18:43:20 18 -44.0 44.35
2022_0223_18:43:20 18 47.3 53.05
2022_0223_18:43:20 18 63.15 46.95
2022_0223_18:43:20 18 2.3 0.45
2022_0223_18:43:20 18 17.65 20.3
2022_0223_18:43:20 18 33.15 47.7
2022_0223_18:43:20 18 48.4 39.25
2022_0223_18:43:20 19 12.05 -0.6
2022_0223_18:43:20 18 -14.05 39.75
2022_0223_18:43:20 19 -0.35 0.75
2022_0223_18:43:20 18 -2.85 0.9
2022_0223_18:43:20 19 11.1 -9.0
2022_0223_18:43:20 19 0.45 -0.1
2022_0223_18:43:20 19 -4.0 61.3
2022_0223_18:43:20 19 37.45 53.3
2022_0223_18:43:20 20 -1.05 -0.7
2022_0223_18:43:20 20 16.25 -8.95
2022_0223_18:43:20 20 10.1 -6.85
2022_0223_18:43:21 1 53.85 45.75
2022_0223_18:43:21 1 95.4 75.85
2022_0223_18:43:21 1 95.3 66.9
2022_0223_18:43:21 1 95.0 96.05
2022_0223_18:43:21 1 90.6 92.25
2022_0223_18:43:21 1 33.0 69.8
2022_0223_18:43:21 1 96.05 94.55
2022_0223_18:43:21 1 84.6 81.5
2022_0223_18:43:21 1 95.25 95.25
2022_0223_18:43:21 1 84.25 89.45
2022_0223_18:43:21 1 43.35 66.35
2022_0223_18:43:21 1 46.4 39.65
2022_0223_18:43:21 1 94.5 73.1
2022_0223_18:43:21 1 80.1 94.95
2022_0223_18:43:21 2 58.85 44.15
2022_0223_18:43:21 2 59.5 43.7
2022_0223_18:43:21 2 77.95 83.1
2022_0223_18:43:21 1 76.95 81.85
2022_0223_18:43:21 2 82.9 48.55
2022_0223_18:43:21 2 90.85 76.1
2022_0223_18:43:21 2 87.3 89.4
2022_0223_18:43:21 1 63.6 95.75
2022_0223_18:43:21 2 58.0 75.7
2022_0223_18:43:21 2 73.7 92.75
2022_0223_18:43:21 2 70.35 55.3
2022_0223_18:43:21 2 91.1 87.3
2022_0223_18:43:21 2 75.65 89.05
2022_0223_18:43:21 2 89.7 85.15
2022_0223_18:43:21 2 89.15 68.25
2022_0223_18:43:21 2 86.55 87.1
2022_0223_18:43:21 2 74.6 67.9
2022_0223_18:43:21 3 79.9 37.95
2022_0223_18:43:21 4 57.35 69.75
2022_0223_18:43:21 5 80.45 77.15
2022_0223_18:43:21 3 72.3 66.65
2022_0223_18:43:21 2 34.15 53.05
2022_0223_18:43:21 5 94.05 82.2
2022_0223_18:43:21 5 62.25 64.75
2022_0223_18:43:21 6 91.65 61.1
2022_0223_18:43:21 7 68.15 61.9
2022_0223_18:43:21 7 75.4 71.75
2022_0223_18:43:21 8 66.45 86.95
2022_0223_18:43:21 8 85.2 77.4
2022_0223_18:43:21 7 88.05 61.2
2022_0223_18:43:21 6 78.8 94.4
2022_0223_18:43:21 8 65.3 41.45
2022_0223_18:43:21 9 47.6 28.2
2022_0223_18:43:21 10 49.4 86.05
2022_0223_18:43:21 10 91.1 77.4
2022_0223_18:43:21 11 0.05 -3.4
2022_0223_18:43:21 11 -0.3 3.55
2022_0223_18:43:21 11 0.7 3.0
2022_0223_18:43:21 9 96.1 76.15
2022_0223_18:43:21 11 1.65 -1.5
2022_0223_18:43:21 11 -1.8 -4.05
2022_0223_18:43:21 11 2.5 0.1
2022_0223_18:43:21 11 2.3 -4.65
2022_0223_18:43:21 11 63.25 73.15
2022_0223_18:43:21 11 1.05 0.05
2022_0223_18:43:21 11 84.3 67.75
2022_0223_18:43:21 11 78.6 90.65
2022_0223_18:43:21 11 2.2 -2.2
2022_0223_18:43:21 11 -2.15 -0.2
2022_0223_18:43:21 11 -1.8 1.25
2022_0223_18:43:21 11 89.35 63.4
2022_0223_18:43:21 11 -0.3 0.5
2022_0223_18:43:21 12 -0.05 2.1
2022_0223_18:43:21 11 0.4 -0.15
2022_0223_18:43:21 12 -0.25 -2.4
2022_0223_18:43:21 12 -4.35 -0.55
2022_0223_18:43:21 12 49.15 50.5
2022_0223_18:43:21 12 5.05 0.8
2022_0223_18:43:21 12 -3.35 -1.75
2022_0223_18:43:21 12 5.2 -2.35
2022_0223_18:43:21 12 76.95 90.8
2022_0223_18:43:21 12 -1.25 1.95
2022_0223_18:43:21 12 3.25 -1.5
2022_0223_18:43:21 13 0.95 -0.95
2022_0223_18:43:21 12 -2.05 -0.35
2022_0223_18:43:21 12 0.7 -2.45
2022_0223_18:43:21 13 -0.25 -1.1
2022_0223_18:43:21 13 -5.1 -1.55
2022_0223_18:43:21 13 -0.35 2.75
2022_0223_18:43:21 13 88.15 47.15
2022_0223_18:43:21 13 42.15 71.5
2022_0223_18:43:21 13 -4.3 -5.45
2022_0223_18:43:21 13 0.45 1.35
2022_0223_18:43:21 13 0.5 0.5
2022_0223_18:43:21 13 -1.45 0.15
2022_0223_18:43:21 13 46.9 50.7
2022_0223_18:43:21 13 -3.75 -1.5
2022_0223_18:43:21 13 39.2 70.2
2022_0223_18:43:21 13 92.15 30.85
2022_0223_18:43:21 13 4.3 5.25
2022_0223_18:43:22 13 -0.9 1.45
2022_0223_18:43:22 13 50.3 47.65
2022_0223_18:43:22 13 88.85 92.15
2022_0223_18:43:22 14 92.25 74.35
2022_0223_18:43:22 14 1.0 -0.2
2022_0223_18:43:22 14 71.8 76.75
2022_0223_18:43:22 14 86.0 92.15
2022_0223_18:43:22 14 -0.4 -0.45
2022_0223_18:43:22 14 81.25 81.55
2022_0223_18:43:22 14 46.0 38.45
2022_0223_18:43:22 14 0.8 1.55
2022_0223_18:43:22 13 68.05 81.9
2022_0223_18:43:22 14 0.95 1.1
2022_0223_18:43:22 14 3.2 -4.05
2022_0223_18:43:22 14 0.15 0.1
2022_0223_18:43:22 14 0.15 -4.25
2022_0223_18:43:22 14 5.7 -11.05
2022_0223_18:43:22 14 39.5 67.8
2022_0223_18:43:22 14 43.2 58.05
2022_0223_18:43:22 14 1.6 2.0
2022_0223_18:43:22 14 -1.85 0.75
2022_0223_18:43:22 14 59.95 51.35
2022_0223_18:43:22 15 0.25 -2.95
2022_0223_18:43:22 15 -9.1 10.05
2022_0223_18:43:22 15 8.3 -8.1
2022_0223_18:43:22 15 3.8 2.4
2022_0223_18:43:22 15 93.25 45.15
2022_0223_18:43:22 15 1.2 -1.15
2022_0223_18:43:22 15 79.0 68.4
2022_0223_18:43:22 15 56.8 33.7
2022_0223_18:43:22 15 99.0 -5.6
2022_0223_18:43:22 15 -2.4 2.0
2022_0223_18:43:22 15 3.0 -4.1
2022_0223_18:43:22 15 58.9 60.65
2022_0223_18:43:22 15 -16.7 50.65
2022_0223_18:43:22 15 -2.8 -2.9
2022_0223_18:43:22 15 0.5 0.8
2022_0223_18:43:22 15 -1.1 4.85
2022_0223_18:43:22 15 16.3 20.1
2022_0223_18:43:22 16 8.85 3.55
2022_0223_18:43:22 16 -2.85 24.5
2022_0223_18:43:22 15 1.25 4.35
2022_0223_18:43:22 16 7.55 19.0
2022_0223_18:43:22 16 -1.0 3.7
2022_0223_18:43:22 15 -1.9 0.4
2022_0223_18:43:22 16 -2.95 0.4
2022_0223_18:43:22 16 2.75 8.45
2022_0223_18:43:22 16 3.0 0.3
2022_0223_18:43:22 16 -1.35 2.0
2022_0223_18:43:22 16 31.85 14.7
2022_0223_18:43:22 16 -0.65 48.15
2022_0223_18:43:22 16 4.55 5.7
2022_0223_18:43:22 16 73.8 69.25
2022_0223_18:43:22 16 -1.35 -1.6
2022_0223_18:43:22 16 14.25 -0.95
2022_0223_18:43:22 16 19.65 19.95
2022_0223_18:43:22 16 -0.65 0.0
2022_0223_18:43:22 17 78.15 40.45
2022_0223_18:43:22 16 47.3 66.4
2022_0223_18:43:22 17 0.65 1.2
2022_0223_18:43:22 17 64.35 71.5
2022_0223_18:43:22 17 -1.65 49.6
2022_0223_18:43:22 17 55.65 92.2
2022_0223_18:43:22 17 49.95 49.95
2022_0223_18:43:22 17 -0.1 4.0
2022_0223_18:43:22 17 74.4 77.7
2022_0223_18:43:22 17 70.75 77.95
2022_0223_18:43:22 17 31.55 44.6
2022_0223_18:43:22 17 0.05 99.7
2022_0223_18:43:22 17 1.35 1.95
2022_0223_18:43:22 17 60.05 11.95
2022_0223_18:43:22 17 39.5 25.3
2022_0223_18:43:22 17 1.3 -0.5
2022_0223_18:43:22 18 7.95 6.65
2022_0223_18:43:22 18 -50.0 50.05
2022_0223_18:43:22 18 27.9 27.75
2022_0223_18:43:22 18 -0.15 -0.65
2022_0223_18:43:22 17 58.3 75.2
2022_0223_18:43:22 18 44.4 22.65
2022_0223_18:43:22 18 6.5 5.05
2022_0223_18:43:22 17 14.4 -15.25
2022_0223_18:43:22 18 -0.65 0.5
2022_0223_18:43:22 18 -55.95 57.95
2022_0223_18:43:23 18 1.3 1.65
2022_0223_18:43:23 18 -5.35 0.65
2022_0223_18:43:23 18 0.2 -1.3
2022_0223_18:43:23 18 -5.7 -0.05
2022_0223_18:43:23 18 -2.5 12.05
2022_0223_18:43:23 18 47.95 -50.25
2022_0223_18:43:23 19 85.3 70.3
2022_0223_18:43:23 19 50.05 50.05
2022_0223_18:43:23 18 -0.7 69.05
2022_0223_18:43:23 19 2.15 3.55
2022_0223_18:43:23 19 28.5 29.4
2022_0223_18:43:23 19 -3.15 -1.25
2022_0223_18:43:23 19 13.7 66.0
2022_0223_18:43:23 19 46.25 69.9
2022_0223_18:43:23 19 0.05 -2.7
2022_0223_18:43:23 19 34.5 47.5
2022_0223_18:43:23 20 -1.3 -3.15
2022_0223_18:43:23 20 -1.3 0.0
2022_0223_18:43:23 20 -2.85 2.4
2022_0223_18:43:23 18 -0.05 0.05
2022_0223_18:43:23 20 2.55 2.1
2022_0223_18:43:23 19 99.1 -7.0
2022_0223_18:43:23 19 47.95 45.0
