0.17662000000010625 0.1034750000000331 0.024365000000002125 0.005449999999999862 0.019100000000000512 0.018625000000000367 0.01795000000000016 0.017830000000000124 0.017580000000000047 0.006904999999999803 0.058814999999993546 0.045714999999998625 0.07005499999999967 0.06200999999999231 0.06890499999999852 0.05368999999999553 0.06780999999999743 0.06883499999999845 0.047264999999998024 0.04899999999999735 
2022_0223_18:52:15 1 77.85 93.25
2022_0223_18:52:15 1 94.75 94.0
2022_0223_18:52:15 6 46.25 91.95
2022_0223_18:52:15 5 78.65 88.85
2022_0223_18:52:15 8 51.8 67.7
2022_0223_18:52:15 2 70.1 74.95
2022_0223_18:52:15 7 42.7 49.45
2022_0223_18:52:15 9 97.1 70.7
2022_0223_18:52:15 3 76.35 69.1
2022_0223_18:52:15 4 65.55 61.35
2022_0223_18:52:16 3 57.6 60.5
2022_0223_18:52:16 2 80.45 86.65
2022_0223_18:52:16 11 87.45 92.55
2022_0223_18:52:16 9 46.45 94.4
2022_0223_18:52:16 12 0.35 0.7
2022_0223_18:52:16 12 72.5 72.25
2022_0223_18:52:16 13 2.5 -2.65
2022_0223_18:52:16 14 -4.0 -0.35
2022_0223_18:52:16 14 2.7 2.75
2022_0223_18:52:16 10 84.45 77.0
2022_0223_18:52:16 15 28.7 42.95
2022_0223_18:52:16 15 2.85 14.1
2022_0223_18:52:16 16 76.85 67.65
2022_0223_18:52:16 17 2.55 -2.05
2022_0223_18:52:16 17 0.5 1.6
2022_0223_18:52:16 18 -5.4 -2.3
2022_0223_18:52:16 20 -99.9 99.8
2022_0223_18:52:16 19 45.3 96.2
2022_0223_18:52:16 18 12.0 -7.15
2022_0223_18:52:16 20 16.3 9.85
2022_0223_18:52:16 1 94.25 93.95
2022_0223_18:52:16 2 49.9 72.45
2022_0223_18:52:16 6 95.1 94.45
2022_0223_18:52:16 7 91.2 77.95
2022_0223_18:52:16 7 78.2 75.1
2022_0223_18:52:16 5 95.15 95.3
2022_0223_18:52:16 4 54.4 55.85
2022_0223_18:52:16 1 63.7 81.05
2022_0223_18:52:16 2 89.4 63.4
2022_0223_18:52:16 9 84.4 44.55
2022_0223_18:52:16 8 67.05 82.1
2022_0223_18:52:16 3 61.95 83.25
2022_0223_18:52:16 11 -2.7 2.4
2022_0223_18:52:16 14 1.5 -0.75
2022_0223_18:52:16 10 49.7 68.85
2022_0223_18:52:16 12 -1.1 1.25
2022_0223_18:52:16 12 6.1 3.45
2022_0223_18:52:16 12 4.4 6.25
2022_0223_18:52:16 12 1.75 2.1
2022_0223_18:52:16 13 44.3 81.7
2022_0223_18:52:16 15 0.0 -2.25
2022_0223_18:52:16 15 24.65 36.0
2022_0223_18:52:16 15 1.85 16.75
2022_0223_18:52:16 20 -0.45 0.85
2022_0223_18:52:16 19 0.25 -1.85
2022_0223_18:52:16 20 -3.4 -1.85
2022_0223_18:52:16 18 36.45 -17.75
2022_0223_18:52:16 17 10.65 2.45
2022_0223_18:52:16 18 5.7 -5.8
2022_0223_18:52:16 16 11.2 47.65
2022_0223_18:52:16 8 92.45 83.05
2022_0223_18:52:16 2 48.25 66.5
2022_0223_18:52:16 3 77.8 66.05
2022_0223_18:52:16 7 92.8 83.15
2022_0223_18:52:16 3 77.0 65.35
2022_0223_18:52:16 1 66.05 80.95
2022_0223_18:52:16 2 87.15 74.4
2022_0223_18:52:16 7 80.05 59.8
2022_0223_18:52:16 1 92.95 94.5
2022_0223_18:52:16 4 70.45 59.6
2022_0223_18:52:16 6 43.2 52.2
2022_0223_18:52:16 5 94.55 69.1
2022_0223_18:52:16 11 -0.1 1.7
2022_0223_18:52:16 9 84.35 95.45
2022_0223_18:52:16 11 2.5 3.2
2022_0223_18:52:16 11 3.1 1.0
2022_0223_18:52:16 10 82.15 85.35
2022_0223_18:52:16 11 -1.05 -0.45
2022_0223_18:52:16 11 0.3 -1.3
2022_0223_18:52:16 12 44.9 87.5
2022_0223_18:52:16 12 35.95 70.7
2022_0223_18:52:16 12 1.6 0.75
2022_0223_18:52:16 13 -3.25 3.65
2022_0223_18:52:16 13 0.25 -1.55
2022_0223_18:52:17 16 49.95 -99.9
2022_0223_18:52:17 13 -0.25 0.35
2022_0223_18:52:17 15 -1.25 2.75
2022_0223_18:52:17 13 58.4 66.5
2022_0223_18:52:17 14 88.4 44.95
2022_0223_18:52:17 17 2.0 -0.45
2022_0223_18:52:17 16 0.35 1.35
2022_0223_18:52:17 16 83.65 92.2
2022_0223_18:52:17 15 2.2 1.05
2022_0223_18:52:17 19 15.55 -18.85
2022_0223_18:52:17 18 48.6 48.45
2022_0223_18:52:17 19 40.6 -39.2
2022_0223_18:52:17 18 67.1 78.6
2022_0223_18:52:17 20 5.75 7.2
2022_0223_18:52:17 19 -41.55 44.1
2022_0223_18:52:17 20 7.7 -4.35
2022_0223_18:52:17 2 80.75 61.7
2022_0223_18:52:17 1 94.25 80.35
2022_0223_18:52:17 1 64.15 80.3
2022_0223_18:52:17 1 89.05 94.25
2022_0223_18:52:17 2 69.85 89.95
2022_0223_18:52:17 1 84.3 67.95
2022_0223_18:52:17 1 63.55 93.7
2022_0223_18:52:17 1 67.9 84.25
2022_0223_18:52:17 2 44.2 43.5
2022_0223_18:52:17 2 86.15 91.0
2022_0223_18:52:17 1 78.85 77.1
2022_0223_18:52:17 1 71.1 72.85
2022_0223_18:52:17 2 51.05 39.45
2022_0223_18:52:17 3 65.0 83.4
2022_0223_18:52:17 4 73.8 54.4
2022_0223_18:52:17 3 54.7 81.65
2022_0223_18:52:17 6 94.95 95.2
2022_0223_18:52:17 6 80.3 93.55
2022_0223_18:52:17 6 85.15 64.7
2022_0223_18:52:17 7 89.9 69.65
2022_0223_18:52:17 5 94.0 95.25
2022_0223_18:52:17 7 79.3 81.65
2022_0223_18:52:17 8 71.25 43.45
2022_0223_18:52:17 9 87.35 94.5
2022_0223_18:52:17 10 65.2 67.75
2022_0223_18:52:17 9 91.0 93.25
2022_0223_18:52:17 11 -2.45 -1.45
2022_0223_18:52:17 11 -2.65 -4.25
2022_0223_18:52:17 11 -0.8 -0.95
2022_0223_18:52:17 11 65.6 83.8
2022_0223_18:52:17 11 0.6 -2.45
2022_0223_18:52:17 10 48.6 74.95
2022_0223_18:52:17 11 -1.65 1.25
2022_0223_18:52:17 11 1.2 2.5
2022_0223_18:52:17 8 64.45 63.0
2022_0223_18:52:17 11 1.35 0.8
2022_0223_18:52:17 11 -0.1 3.85
2022_0223_18:52:17 12 49.95 -49.95
2022_0223_18:52:17 12 3.5 -1.6
2022_0223_18:52:17 12 4.2 -1.35
2022_0223_18:52:17 12 1.8 3.15
2022_0223_18:52:17 12 -3.35 47.25
2022_0223_18:52:17 12 57.55 51.7
2022_0223_18:52:17 13 -2.1 -3.65
2022_0223_18:52:17 13 2.7 -0.45
2022_0223_18:52:17 13 64.85 72.4
2022_0223_18:52:17 13 13.3 -13.5
2022_0223_18:52:17 13 -0.95 1.7
2022_0223_18:52:17 13 -1.55 -3.35
2022_0223_18:52:17 13 4.35 19.75
2022_0223_18:52:17 13 1.55 -0.35
2022_0223_18:52:17 13 56.3 90.5
2022_0223_18:52:17 13 64.3 60.55
2022_0223_18:52:17 14 -6.65 0.0
2022_0223_18:52:17 14 35.7 34.25
2022_0223_18:52:17 14 -0.1 -1.1
2022_0223_18:52:17 14 94.3 45.45
2022_0223_18:52:17 14 95.1 95.9
2022_0223_18:52:17 14 5.1 -2.45
2022_0223_18:52:18 14 0.5 1.85
2022_0223_18:52:18 14 96.95 91.65
2022_0223_18:52:18 14 58.1 89.25
2022_0223_18:52:18 15 90.8 83.45
2022_0223_18:52:18 15 2.4 -0.4
2022_0223_18:52:18 15 -51.1 52.6
2022_0223_18:52:18 15 -0.5 -4.9
2022_0223_18:52:18 16 -4.0 12.6
2022_0223_18:52:18 15 56.85 73.65
2022_0223_18:52:18 16 -0.6 23.1
2022_0223_18:52:18 16 67.3 50.0
2022_0223_18:52:18 14 77.4 48.65
2022_0223_18:52:18 16 69.5 91.3
2022_0223_18:52:18 16 2.8 2.4
2022_0223_18:52:18 16 -1.95 2.65
2022_0223_18:52:18 16 2.8 0.45
2022_0223_18:52:18 16 55.7 57.9
2022_0223_18:52:18 16 -9.4 7.3
2022_0223_18:52:18 16 84.1 36.9
2022_0223_18:52:18 16 63.6 51.75
2022_0223_18:52:18 17 46.9 92.2
2022_0223_18:52:18 18 65.6 47.5
2022_0223_18:52:18 18 -43.75 43.65
2022_0223_18:52:18 18 0.55 -0.05
2022_0223_18:52:18 18 36.8 23.3
2022_0223_18:52:18 18 13.4 25.3
2022_0223_18:52:18 18 -14.4 39.6
2022_0223_18:52:18 18 31.75 36.9
2022_0223_18:52:18 18 58.85 55.45
2022_0223_18:52:18 18 -0.6 5.7
2022_0223_18:52:18 17 -1.8 -0.8
2022_0223_18:52:18 19 -1.35 4.35
2022_0223_18:52:18 19 -17.25 19.9
2022_0223_18:52:18 19 66.45 78.3
2022_0223_18:52:18 19 56.75 15.5
2022_0223_18:52:18 19 -2.65 -3.3
2022_0223_18:52:18 20 -3.1 1.3
2022_0223_18:52:18 20 -12.85 17.3
2022_0223_18:52:18 19 -10.3 13.1
