0.17662000000010625 0.1034750000000331 0.024365000000002125 0.005449999999999862 0.019100000000000512 0.018625000000000367 0.01795000000000016 0.017830000000000124 0.017580000000000047 0.006904999999999803 0.058814999999993546 0.045714999999998625 0.07005499999999967 0.06200999999999231 0.06890499999999852 0.05368999999999553 0.06780999999999743 0.06883499999999845 0.047264999999998024 0.04899999999999735 
2022_0223_18:57:23 1 70.2 77.65
2022_0223_18:57:23 6 54.15 93.05
2022_0223_18:57:23 8 41.45 49.35
2022_0223_18:57:23 5 80.7 95.0
2022_0223_18:57:23 2 89.35 71.25
2022_0223_18:57:23 7 64.8 53.9
2022_0223_18:57:23 3 83.85 81.3
2022_0223_18:57:23 1 83.0 78.85
2022_0223_18:57:23 9 94.7 96.05
2022_0223_18:57:23 4 57.8 37.9
2022_0223_18:57:23 3 69.8 78.0
2022_0223_18:57:23 2 59.95 88.55
2022_0223_18:57:23 9 94.25 94.15
2022_0223_18:57:23 11 76.9 88.75
2022_0223_18:57:23 12 -0.8 -2.45
2022_0223_18:57:23 12 74.05 60.5
2022_0223_18:57:23 14 2.8 -0.4
2022_0223_18:57:23 13 2.5 2.95
2022_0223_18:57:23 10 80.55 63.65
2022_0223_18:57:23 14 0.5 0.7
2022_0223_18:57:24 15 36.05 53.85
2022_0223_18:57:24 16 63.35 92.4
2022_0223_18:57:24 15 3.35 8.55
2022_0223_18:57:24 17 2.35 -10.1
2022_0223_18:57:24 18 0.7 1.45
2022_0223_18:57:24 20 -49.95 99.9
2022_0223_18:57:24 18 13.15 -8.0
2022_0223_18:57:24 17 -0.9 0.85
2022_0223_18:57:24 19 70.9 95.95
2022_0223_18:57:24 20 10.0 14.2
2022_0223_18:57:24 1 94.9 96.9
2022_0223_18:57:24 3 76.65 88.55
2022_0223_18:57:24 6 79.0 94.1
2022_0223_18:57:24 7 68.2 91.9
2022_0223_18:57:24 5 49.65 94.75
2022_0223_18:57:24 1 92.6 73.85
2022_0223_18:57:24 4 71.3 67.3
2022_0223_18:57:24 2 81.5 89.5
2022_0223_18:57:24 10 61.15 49.75
2022_0223_18:57:24 9 93.6 82.6
2022_0223_18:57:24 8 90.7 87.1
2022_0223_18:57:24 3 80.25 67.85
2022_0223_18:57:24 11 -1.8 2.55
2022_0223_18:57:24 12 -1.45 -1.35
2022_0223_18:57:24 12 -0.6 1.65
2022_0223_18:57:24 14 2.05 -5.5
2022_0223_18:57:24 12 -1.8 0.6
2022_0223_18:57:24 12 3.35 -0.35
2022_0223_18:57:24 13 58.0 72.1
2022_0223_18:57:24 15 -0.7 -0.4
2022_0223_18:57:24 15 89.5 67.2
2022_0223_18:57:24 15 7.4 17.7
2022_0223_18:57:24 20 -4.75 2.85
2022_0223_18:57:24 18 29.3 -17.6
2022_0223_18:57:24 15 2.75 -3.2
2022_0223_18:57:24 16 23.1 22.6
2022_0223_18:57:24 19 4.35 0.5
2022_0223_18:57:24 17 -4.25 4.45
2022_0223_18:57:24 17 -1.5 -0.25
2022_0223_18:57:24 20 1.6 -2.65
2022_0223_18:57:24 7 65.4 68.05
2022_0223_18:57:24 2 88.35 73.6
2022_0223_18:57:24 7 78.75 77.75
2022_0223_18:57:24 8 84.0 90.35
2022_0223_18:57:24 1 96.7 96.25
2022_0223_18:57:24 2 88.2 89.75
2022_0223_18:57:24 3 84.9 54.65
2022_0223_18:57:24 9 95.6 95.15
2022_0223_18:57:24 1 61.95 73.55
2022_0223_18:57:24 4 68.5 52.55
2022_0223_18:57:24 6 61.4 66.55
2022_0223_18:57:24 5 94.05 94.45
2022_0223_18:57:24 10 77.55 73.05
2022_0223_18:57:24 11 1.5 -1.8
2022_0223_18:57:24 11 -1.95 -0.25
2022_0223_18:57:24 11 -0.75 1.3
2022_0223_18:57:24 11 1.6 -0.45
2022_0223_18:57:24 11 2.75 0.45
2022_0223_18:57:24 12 71.85 41.7
2022_0223_18:57:24 12 68.85 38.5
2022_0223_18:57:24 13 -3.95 -1.65
2022_0223_18:57:24 13 84.5 74.3
2022_0223_18:57:24 13 0.45 0.35
2022_0223_18:57:24 13 -1.8 3.3
2022_0223_18:57:25 16 -49.95 49.95
2022_0223_18:57:25 14 65.25 94.4
2022_0223_18:57:25 15 -2.55 0.35
2022_0223_18:57:25 15 88.9 76.8
2022_0223_18:57:25 16 0.35 2.25
2022_0223_18:57:25 15 -1.5 0.3
2022_0223_18:57:25 15 0.25 0.3
2022_0223_18:57:25 16 66.95 93.55
2022_0223_18:57:25 18 2.4 1.1
2022_0223_18:57:25 19 18.55 -20.15
2022_0223_18:57:25 19 40.95 -39.3
2022_0223_18:57:25 20 26.9 15.75
2022_0223_18:57:25 17 -3.05 1.35
2022_0223_18:57:25 19 17.55 16.5
2022_0223_18:57:25 20 11.45 -4.35
2022_0223_18:57:25 19 -44.55 42.95
2022_0223_18:57:25 2 84.7 73.25
2022_0223_18:57:25 1 95.9 80.75
2022_0223_18:57:25 1 95.9 96.1
2022_0223_18:57:25 1 69.8 50.85
2022_0223_18:57:25 2 54.25 60.65
2022_0223_18:57:25 1 94.15 94.75
2022_0223_18:57:25 1 73.8 89.5
2022_0223_18:57:25 1 80.8 94.35
2022_0223_18:57:25 1 94.05 90.95
2022_0223_18:57:25 2 90.1 84.8
2022_0223_18:57:25 1 75.45 78.75
2022_0223_18:57:25 1 80.55 94.8
2022_0223_18:57:25 3 68.1 73.55
2022_0223_18:57:25 4 47.6 53.3
2022_0223_18:57:25 3 27.35 76.4
2022_0223_18:57:25 5 94.25 70.2
2022_0223_18:57:25 6 96.15 85.85
2022_0223_18:57:25 6 71.45 94.4
2022_0223_18:57:25 7 90.85 85.2
2022_0223_18:57:25 5 46.95 95.4
2022_0223_18:57:25 7 91.0 90.35
2022_0223_18:57:25 8 91.3 62.0
2022_0223_18:57:25 8 78.45 67.1
2022_0223_18:57:25 9 81.7 88.25
2022_0223_18:57:25 10 51.1 32.15
2022_0223_18:57:25 11 -1.8 -1.1
2022_0223_18:57:25 11 -0.85 -1.0
2022_0223_18:57:25 11 1.25 -3.2
2022_0223_18:57:25 11 60.7 84.75
2022_0223_18:57:25 11 0.45 1.45
2022_0223_18:57:25 11 1.45 4.85
2022_0223_18:57:25 11 1.65 -2.65
2022_0223_18:57:25 8 49.25 58.0
2022_0223_18:57:25 11 -0.65 -2.25
2022_0223_18:57:25 11 2.8 1.65
2022_0223_18:57:25 12 1.9 1.4
2022_0223_18:57:25 12 49.95 -50.0
2022_0223_18:57:25 12 -4.1 -5.1
2022_0223_18:57:25 12 1.0 -0.3
2022_0223_18:57:25 12 1.15 -2.65
2022_0223_18:57:25 12 -4.2 45.55
2022_0223_18:57:25 13 1.05 -3.8
2022_0223_18:57:25 13 2.65 -1.9
2022_0223_18:57:25 12 49.25 72.7
2022_0223_18:57:25 13 39.95 73.55
2022_0223_18:57:25 13 -4.65 -4.1
2022_0223_18:57:25 13 9.8 -5.5
2022_0223_18:57:25 13 4.4 -4.25
2022_0223_18:57:25 13 -1.05 1.6
2022_0223_18:57:25 13 3.9 -3.9
2022_0223_18:57:25 13 81.65 87.35
2022_0223_18:57:25 13 39.5 71.1
2022_0223_18:57:25 13 2.65 0.65
2022_0223_18:57:25 14 64.6 83.75
2022_0223_18:57:25 14 0.65 -7.5
2022_0223_18:57:25 14 95.1 91.4
2022_0223_18:57:25 14 77.65 70.7
2022_0223_18:57:25 14 -0.75 2.2
2022_0223_18:57:25 13 -0.75 1.35
2022_0223_18:57:25 14 -1.35 2.6
2022_0223_18:57:26 14 -4.15 0.45
2022_0223_18:57:26 14 96.65 66.7
2022_0223_18:57:26 14 75.15 61.45
2022_0223_18:57:26 14 -15.9 17.0
2022_0223_18:57:26 15 -51.05 58.4
2022_0223_18:57:26 15 70.65 48.8
2022_0223_18:57:26 15 64.45 65.3
2022_0223_18:57:26 14 49.45 31.6
2022_0223_18:57:26 15 72.9 71.9
2022_0223_18:57:26 15 1.25 3.35
2022_0223_18:57:26 15 21.2 -1.75
2022_0223_18:57:26 15 -2.3 2.35
2022_0223_18:57:26 15 -2.7 -0.5
2022_0223_18:57:26 15 10.35 7.7
2022_0223_18:57:26 15 -3.95 -1.2
2022_0223_18:57:26 15 71.55 78.8
2022_0223_18:57:26 16 -7.0 14.25
2022_0223_18:57:26 16 -0.65 16.5
2022_0223_18:57:26 16 62.45 34.3
2022_0223_18:57:26 16 4.8 0.65
2022_0223_18:57:26 16 93.3 45.05
2022_0223_18:57:26 16 -0.75 3.45
2022_0223_18:57:26 16 -2.55 -2.45
2022_0223_18:57:26 16 62.8 62.1
2022_0223_18:57:26 16 -7.6 6.85
2022_0223_18:57:26 16 60.95 52.3
2022_0223_18:57:26 17 86.05 43.75
2022_0223_18:57:26 19 2.6 0.7
2022_0223_18:57:26 18 49.85 72.5
2022_0223_18:57:26 19 -14.75 13.55
2022_0223_18:57:26 18 55.75 48.1
2022_0223_18:57:26 19 -1.7 -2.6
2022_0223_18:57:26 19 85.45 87.05
2022_0223_18:57:26 19 -7.2 15.6
2022_0223_18:57:26 20 0.1 -3.8
2022_0223_18:57:26 20 -11.75 12.85
2022_0223_18:57:26 20 -49.65 50.0
2022_0223_18:57:26 19 -0.65 0.05
2022_0223_18:57:26 20 7.45 -5.75
2022_0223_18:57:26 19 -0.95 -2.8
2022_0223_18:57:26 1 94.35 96.1
2022_0223_18:57:26 1 65.9 93.25
2022_0223_18:57:26 1 46.4 87.7
2022_0223_18:57:26 2 91.5 66.9
2022_0223_18:57:26 1 94.5 72.85
2022_0223_18:57:26 2 88.4 90.8
2022_0223_18:57:26 1 85.35 66.65
2022_0223_18:57:26 2 68.8 89.7
2022_0223_18:57:26 2 49.2 55.05
2022_0223_18:57:26 1 81.0 84.2
2022_0223_18:57:26 1 64.45 76.65
2022_0223_18:57:26 1 50.5 56.9
2022_0223_18:57:26 4 61.9 82.25
2022_0223_18:57:26 4 73.7 64.7
2022_0223_18:57:26 3 87.55 75.75
2022_0223_18:57:26 6 75.35 47.4
2022_0223_18:57:26 6 92.35 64.85
2022_0223_18:57:26 7 89.6 72.95
2022_0223_18:57:26 8 87.05 93.85
2022_0223_18:57:26 8 76.15 90.4
2022_0223_18:57:26 9 55.3 81.9
2022_0223_18:57:26 5 76.75 50.5
2022_0223_18:57:26 3 66.2 60.5
2022_0223_18:57:26 7 84.25 90.3
2022_0223_18:57:26 10 88.65 44.4
2022_0223_18:57:26 11 -0.5 -1.6
2022_0223_18:57:26 11 78.7 77.45
2022_0223_18:57:26 11 66.35 60.05
2022_0223_18:57:26 11 85.3 41.0
2022_0223_18:57:26 11 -0.75 -3.25
2022_0223_18:57:26 11 4.2 -4.55
2022_0223_18:57:26 10 71.6 72.85
2022_0223_18:57:26 12 2.0 -0.8
2022_0223_18:57:26 12 30.15 28.1
2022_0223_18:57:26 12 -1.0 3.85
2022_0223_18:57:26 12 9.55 11.5
2022_0223_18:57:27 12 3.9 3.65
2022_0223_18:57:27 13 1.95 -1.0
2022_0223_18:57:27 12 0.15 -4.35
2022_0223_18:57:27 13 0.6 3.05
2022_0223_18:57:27 13 2.05 -1.45
2022_0223_18:57:27 13 5.2 7.15
2022_0223_18:57:27 13 74.9 76.85
2022_0223_18:57:27 13 0.45 0.0
2022_0223_18:57:27 13 -2.5 -1.7
2022_0223_18:57:27 13 0.7 0.05
2022_0223_18:57:27 14 0.5 -0.65
2022_0223_18:57:27 13 54.35 46.45
2022_0223_18:57:27 14 2.7 -2.35
2022_0223_18:57:27 14 79.25 82.25
2022_0223_18:57:27 14 96.65 92.3
2022_0223_18:57:27 14 -0.7 -0.8
2022_0223_18:57:27 14 -0.4 0.6
2022_0223_18:57:27 14 38.7 34.7
2022_0223_18:57:27 14 72.6 69.8
2022_0223_18:57:27 14 40.9 -2.35
2022_0223_18:57:27 15 3.2 6.3
2022_0223_18:57:27 15 -5.25 9.3
2022_0223_18:57:27 14 20.0 0.4
2022_0223_18:57:27 15 33.1 60.4
2022_0223_18:57:27 15 -0.85 0.9
2022_0223_18:57:27 15 -1.4 13.4
2022_0223_18:57:27 15 -3.1 1.4
2022_0223_18:57:27 15 -1.4 -1.6
2022_0223_18:57:27 15 -14.65 10.4
2022_0223_18:57:27 16 40.85 40.75
2022_0223_18:57:27 15 -2.95 0.3
2022_0223_18:57:27 15 9.8 -13.35
2022_0223_18:57:27 16 43.95 38.4
2022_0223_18:57:27 16 -5.85 -0.1
2022_0223_18:57:27 16 -3.05 -3.5
2022_0223_18:57:27 16 94.7 94.45
2022_0223_18:57:27 16 54.2 80.75
2022_0223_18:57:27 16 28.8 44.65
2022_0223_18:57:27 17 10.15 -9.15
2022_0223_18:57:27 17 -5.9 0.15
2022_0223_18:57:27 17 -1.1 11.75
2022_0223_18:57:27 17 -0.95 4.65
2022_0223_18:57:27 17 54.9 66.05
2022_0223_18:57:27 17 34.25 3.25
2022_0223_18:57:27 17 -0.15 2.55
2022_0223_18:57:27 17 55.35 39.05
2022_0223_18:57:27 18 -44.0 42.3
2022_0223_18:57:27 18 86.5 46.75
2022_0223_18:57:27 18 -0.4 6.15
2022_0223_18:57:27 18 48.35 46.9
2022_0223_18:57:27 18 8.4 22.85
2022_0223_18:57:27 19 15.5 -5.65
2022_0223_18:57:27 19 2.05 0.3
2022_0223_18:57:27 19 2.9 1.1
2022_0223_18:57:27 18 -10.65 39.55
2022_0223_18:57:27 19 12.05 -8.3
2022_0223_18:57:27 18 33.05 33.9
2022_0223_18:57:27 18 -1.9 -0.95
2022_0223_18:57:27 19 -3.4 24.15
2022_0223_18:57:27 19 46.2 58.3
2022_0223_18:57:27 20 14.5 -14.15
2022_0223_18:57:27 20 1.35 -2.05
2022_0223_18:57:27 20 1.1 1.6
2022_0223_18:57:27 19 27.5 81.35
2022_0223_18:57:27 1 93.35 68.3
2022_0223_18:57:27 1 96.25 77.25
2022_0223_18:57:27 1 75.7 72.15
2022_0223_18:57:27 1 95.45 94.0
2022_0223_18:57:27 1 94.1 95.15
2022_0223_18:57:27 1 78.25 94.85
2022_0223_18:57:27 1 95.15 94.7
2022_0223_18:57:27 1 90.6 89.5
2022_0223_18:57:27 1 71.6 80.1
2022_0223_18:57:27 1 66.25 50.0
2022_0223_18:57:27 1 96.1 96.35
2022_0223_18:57:27 1 86.9 95.4
2022_0223_18:57:28 1 94.45 94.3
2022_0223_18:57:28 1 71.35 35.25
2022_0223_18:57:28 1 34.15 49.95
2022_0223_18:57:28 1 95.0 89.15
2022_0223_18:57:28 2 88.6 88.65
2022_0223_18:57:28 2 54.05 55.65
2022_0223_18:57:28 2 61.4 52.0
2022_0223_18:57:28 1 94.35 72.35
2022_0223_18:57:28 1 95.05 95.0
2022_0223_18:57:28 2 62.15 78.8
2022_0223_18:57:28 2 84.0 93.7
2022_0223_18:57:28 2 52.25 80.5
2022_0223_18:57:28 2 72.2 49.35
2022_0223_18:57:28 2 46.4 79.1
2022_0223_18:57:28 2 86.75 76.85
2022_0223_18:57:28 2 76.15 76.45
2022_0223_18:57:28 2 71.35 59.25
2022_0223_18:57:28 3 76.5 75.55
2022_0223_18:57:28 5 94.9 83.85
2022_0223_18:57:28 4 46.5 25.35
2022_0223_18:57:28 5 63.9 61.85
2022_0223_18:57:28 3 56.95 54.05
2022_0223_18:57:28 6 88.0 86.85
2022_0223_18:57:28 2 75.9 64.75
2022_0223_18:57:28 6 83.15 73.65
2022_0223_18:57:28 5 80.05 90.15
2022_0223_18:57:28 3 73.7 74.75
2022_0223_18:57:28 8 90.15 93.85
2022_0223_18:57:28 7 71.65 38.1
2022_0223_18:57:28 7 87.75 88.4
2022_0223_18:57:28 8 65.65 62.5
2022_0223_18:57:28 8 60.95 76.7
2022_0223_18:57:28 6 72.3 77.8
2022_0223_18:57:28 8 69.05 66.55
2022_0223_18:57:28 9 80.15 68.45
2022_0223_18:57:28 11 2.7 -2.45
2022_0223_18:57:28 11 -1.4 -1.95
2022_0223_18:57:28 11 -1.8 -2.6
2022_0223_18:57:28 11 0.15 5.6
2022_0223_18:57:28 11 -0.7 -0.35
2022_0223_18:57:28 11 1.0 -5.2
2022_0223_18:57:28 11 63.65 75.55
2022_0223_18:57:28 10 77.35 89.85
2022_0223_18:57:28 9 63.85 66.55
2022_0223_18:57:28 9 94.7 70.8
2022_0223_18:57:28 11 -0.9 -1.2
2022_0223_18:57:28 11 -0.95 -0.65
2022_0223_18:57:28 11 79.15 74.1
2022_0223_18:57:28 11 2.95 0.3
2022_0223_18:57:28 11 0.55 3.2
2022_0223_18:57:28 11 0.5 -0.9
2022_0223_18:57:28 11 89.95 58.05
2022_0223_18:57:28 11 82.95 80.6
2022_0223_18:57:28 11 -0.2 0.1
2022_0223_18:57:28 12 0.6 0.25
2022_0223_18:57:28 12 -0.6 -1.5
2022_0223_18:57:28 12 -0.9 0.0
2022_0223_18:57:28 12 -4.35 -4.8
2022_0223_18:57:28 11 0.45 2.0
2022_0223_18:57:28 12 46.3 81.8
2022_0223_18:57:28 12 -2.2 2.8
2022_0223_18:57:28 12 -0.55 0.55
2022_0223_18:57:28 12 57.25 86.8
2022_0223_18:57:28 12 -0.1 2.05
2022_0223_18:57:28 12 -0.35 -1.6
2022_0223_18:57:28 13 4.35 4.1
2022_0223_18:57:28 13 -2.65 1.1
2022_0223_18:57:28 13 92.45 67.15
2022_0223_18:57:28 13 2.2 -1.9
2022_0223_18:57:28 13 1.85 -3.5
2022_0223_18:57:28 13 90.4 40.1
2022_0223_18:57:28 13 2.05 0.15
2022_0223_18:57:28 13 1.15 1.55
2022_0223_18:57:28 13 66.15 68.35
2022_0223_18:57:28 13 -2.45 -0.35
2022_0223_18:57:28 13 27.35 17.15
2022_0223_18:57:28 13 -0.35 -1.45
2022_0223_18:57:28 13 2.15 -1.35
2022_0223_18:57:28 13 45.2 39.2
2022_0223_18:57:28 13 67.8 61.55
2022_0223_18:57:28 13 2.35 3.9
2022_0223_18:57:29 13 67.6 47.05
2022_0223_18:57:29 13 53.6 50.35
2022_0223_18:57:29 14 89.45 90.25
2022_0223_18:57:29 14 1.65 0.4
2022_0223_18:57:29 13 45.95 62.65
2022_0223_18:57:29 14 94.4 85.8
2022_0223_18:57:29 14 77.1 79.55
2022_0223_18:57:29 14 45.1 40.95
2022_0223_18:57:29 14 55.1 56.6
2022_0223_18:57:29 14 3.0 -6.4
2022_0223_18:57:29 14 0.55 -1.5
2022_0223_18:57:29 14 1.65 -2.0
2022_0223_18:57:29 14 -1.05 3.25
2022_0223_18:57:29 14 41.9 93.55
2022_0223_18:57:29 14 -1.15 3.15
2022_0223_18:57:29 14 -0.4 -2.75
2022_0223_18:57:29 14 3.8 -7.4
2022_0223_18:57:29 14 -2.25 -4.6
2022_0223_18:57:29 14 19.3 76.4
2022_0223_18:57:29 14 -5.6 3.75
2022_0223_18:57:29 14 43.0 68.6
2022_0223_18:57:29 14 20.65 34.7
2022_0223_18:57:29 14 65.55 93.1
2022_0223_18:57:29 14 73.6 70.05
2022_0223_18:57:29 15 65.65 79.55
2022_0223_18:57:29 15 56.45 68.35
2022_0223_18:57:29 15 0.5 0.25
2022_0223_18:57:29 15 -2.0 -0.8
2022_0223_18:57:29 15 64.7 37.95
2022_0223_18:57:29 15 0.35 0.2
2022_0223_18:57:29 15 99.5 -5.3
2022_0223_18:57:29 15 -29.85 50.8
2022_0223_18:57:29 15 52.95 69.3
2022_0223_18:57:29 15 1.95 -1.95
2022_0223_18:57:29 15 9.05 8.2
2022_0223_18:57:29 15 1.8 -1.25
2022_0223_18:57:29 15 -3.4 0.9
2022_0223_18:57:29 15 2.75 2.7
2022_0223_18:57:29 15 -4.6 2.7
2022_0223_18:57:29 16 -3.3 3.1
2022_0223_18:57:29 16 81.0 72.7
2022_0223_18:57:29 15 -0.95 0.0
2022_0223_18:57:29 16 5.95 1.8
2022_0223_18:57:29 15 0.05 0.1
2022_0223_18:57:29 16 1.7 -2.45
2022_0223_18:57:29 16 0.65 4.15
2022_0223_18:57:29 16 7.45 34.95
2022_0223_18:57:29 16 -3.3 28.55
2022_0223_18:57:29 16 1.7 3.05
2022_0223_18:57:29 15 3.5 0.2
2022_0223_18:57:29 16 -1.2 0.4
2022_0223_18:57:29 16 -1.4 2.85
2022_0223_18:57:29 16 11.55 37.0
2022_0223_18:57:29 16 2.15 -0.1
2022_0223_18:57:29 16 1.25 1.8
2022_0223_18:57:29 16 -0.2 -2.1
2022_0223_18:57:29 17 30.25 2.5
2022_0223_18:57:29 16 47.55 64.9
2022_0223_18:57:29 17 27.95 54.1
2022_0223_18:57:29 17 -1.0 -0.25
2022_0223_18:57:29 17 55.45 77.9
2022_0223_18:57:29 17 21.2 65.35
2022_0223_18:57:29 16 17.55 11.05
2022_0223_18:57:29 17 4.35 0.9
2022_0223_18:57:29 17 -1.75 -2.75
2022_0223_18:57:29 17 15.4 58.55
2022_0223_18:57:29 17 68.15 68.0
2022_0223_18:57:29 17 90.35 47.65
2022_0223_18:57:29 17 8.45 -2.75
2022_0223_18:57:29 17 -1.6 -4.55
2022_0223_18:57:29 17 40.95 88.3
2022_0223_18:57:29 17 39.05 72.65
2022_0223_18:57:29 18 36.6 28.2
2022_0223_18:57:29 18 5.55 8.5
2022_0223_18:57:29 17 -2.45 49.4
2022_0223_18:57:29 18 -49.9 50.05
2022_0223_18:57:29 18 -0.75 2.05
2022_0223_18:57:30 18 0.55 4.75
2022_0223_18:57:30 17 0.5 -0.2
2022_0223_18:57:30 18 -1.25 1.05
2022_0223_18:57:30 18 79.85 29.75
2022_0223_18:57:30 18 3.1 -1.6
2022_0223_18:57:30 18 -55.05 54.4
2022_0223_18:57:30 18 -2.2 -3.35
2022_0223_18:57:30 18 3.35 0.95
2022_0223_18:57:30 18 48.55 -49.05
2022_0223_18:57:30 18 -3.2 0.3
2022_0223_18:57:30 19 -1.4 2.8
2022_0223_18:57:30 19 13.85 70.15
2022_0223_18:57:30 19 94.75 75.55
2022_0223_18:57:30 19 2.9 1.15
2022_0223_18:57:30 19 51.9 29.05
2022_0223_18:57:30 18 4.65 41.9
2022_0223_18:57:30 19 -99.85 99.95
2022_0223_18:57:30 19 4.05 3.65
2022_0223_18:57:30 19 36.2 39.3
2022_0223_18:57:30 19 4.5 -0.05
2022_0223_18:57:30 19 1.25 -1.4
2022_0223_18:57:30 20 -1.25 1.6
2022_0223_18:57:30 20 0.75 3.35
2022_0223_18:57:30 20 1.0 0.7
2022_0223_18:57:30 20 0.6 -1.05
2022_0223_18:57:30 18 -3.4 13.65
2022_0223_18:57:30 20 40.7 74.65
2022_0223_18:57:30 19 98.9 -6.3
2022_0223_18:57:30 19 -6.9 0.35
2022_0223_18:57:30 19 48.1 49.85
